{"/Users/i.kostin/Learning/Hexlet/2-Project/frontend-project-lvl2/src/genDiff.js": {"path":"/Users/i.kostin/Learning/Hexlet/2-Project/frontend-project-lvl2/src/genDiff.js","statementMap":{"0":{"start":{"line":5,"column":18},"end":{"line":5,"column":80}},"1":{"start":{"line":5,"column":28},"end":{"line":5,"column":80}},"2":{"start":{"line":7,"column":18},"end":{"line":7,"column":28}},"3":{"start":{"line":9,"column":16},"end":{"line":33,"column":1}},"4":{"start":{"line":10,"column":20},"end":{"line":10,"column":36}},"5":{"start":{"line":11,"column":20},"end":{"line":11,"column":36}},"6":{"start":{"line":12,"column":15},"end":{"line":12,"column":17}},"7":{"start":{"line":14,"column":16},"end":{"line":14,"column":38}},"8":{"start":{"line":15,"column":16},"end":{"line":15,"column":38}},"9":{"start":{"line":16,"column":18},"end":{"line":16,"column":39}},"10":{"start":{"line":17,"column":2},"end":{"line":17,"column":17}},"11":{"start":{"line":19,"column":2},"end":{"line":30,"column":5}},"12":{"start":{"line":20,"column":4},"end":{"line":29,"column":5}},"13":{"start":{"line":21,"column":6},"end":{"line":21,"column":42}},"14":{"start":{"line":22,"column":11},"end":{"line":29,"column":5}},"15":{"start":{"line":23,"column":6},"end":{"line":23,"column":56}},"16":{"start":{"line":24,"column":6},"end":{"line":24,"column":56}},"17":{"start":{"line":25,"column":11},"end":{"line":29,"column":5}},"18":{"start":{"line":26,"column":6},"end":{"line":26,"column":56}},"19":{"start":{"line":27,"column":11},"end":{"line":29,"column":5}},"20":{"start":{"line":28,"column":6},"end":{"line":28,"column":56}},"21":{"start":{"line":31,"column":2},"end":{"line":31,"column":43}},"22":{"start":{"line":32,"column":2},"end":{"line":32,"column":52}}},"fnMap":{"0":{"name":"(anonymous_0)","decl":{"start":{"line":5,"column":18},"end":{"line":5,"column":19}},"loc":{"start":{"line":5,"column":28},"end":{"line":5,"column":80}},"line":5},"1":{"name":"(anonymous_1)","decl":{"start":{"line":9,"column":16},"end":{"line":9,"column":17}},"loc":{"start":{"line":9,"column":34},"end":{"line":33,"column":1}},"line":9},"2":{"name":"(anonymous_2)","decl":{"start":{"line":19,"column":18},"end":{"line":19,"column":19}},"loc":{"start":{"line":19,"column":27},"end":{"line":30,"column":3}},"line":19}},"branchMap":{"0":{"loc":{"start":{"line":20,"column":4},"end":{"line":29,"column":5}},"type":"if","locations":[{"start":{"line":20,"column":4},"end":{"line":29,"column":5}},{"start":{"line":22,"column":11},"end":{"line":29,"column":5}}],"line":20},"1":{"loc":{"start":{"line":20,"column":8},"end":{"line":20,"column":93}},"type":"binary-expr","locations":[{"start":{"line":20,"column":8},"end":{"line":20,"column":29}},{"start":{"line":20,"column":33},"end":{"line":20,"column":54}},{"start":{"line":20,"column":59},"end":{"line":20,"column":92}}],"line":20},"2":{"loc":{"start":{"line":22,"column":11},"end":{"line":29,"column":5}},"type":"if","locations":[{"start":{"line":22,"column":11},"end":{"line":29,"column":5}},{"start":{"line":25,"column":11},"end":{"line":29,"column":5}}],"line":22},"3":{"loc":{"start":{"line":22,"column":15},"end":{"line":22,"column":100}},"type":"binary-expr","locations":[{"start":{"line":22,"column":15},"end":{"line":22,"column":36}},{"start":{"line":22,"column":40},"end":{"line":22,"column":61}},{"start":{"line":22,"column":66},"end":{"line":22,"column":99}}],"line":22},"4":{"loc":{"start":{"line":25,"column":11},"end":{"line":29,"column":5}},"type":"if","locations":[{"start":{"line":25,"column":11},"end":{"line":29,"column":5}},{"start":{"line":27,"column":11},"end":{"line":29,"column":5}}],"line":25},"5":{"loc":{"start":{"line":25,"column":15},"end":{"line":25,"column":62}},"type":"binary-expr","locations":[{"start":{"line":25,"column":15},"end":{"line":25,"column":37}},{"start":{"line":25,"column":41},"end":{"line":25,"column":62}}],"line":25},"6":{"loc":{"start":{"line":27,"column":11},"end":{"line":29,"column":5}},"type":"if","locations":[{"start":{"line":27,"column":11},"end":{"line":29,"column":5}},{"start":{},"end":{}}],"line":27},"7":{"loc":{"start":{"line":27,"column":15},"end":{"line":27,"column":62}},"type":"binary-expr","locations":[{"start":{"line":27,"column":15},"end":{"line":27,"column":36}},{"start":{"line":27,"column":40},"end":{"line":27,"column":62}}],"line":27}},"s":{"0":1,"1":2,"2":1,"3":1,"4":1,"5":1,"6":1,"7":1,"8":1,"9":1,"10":1,"11":1,"12":5,"13":1,"14":4,"15":1,"16":1,"17":3,"18":1,"19":2,"20":2,"21":1,"22":1},"f":{"0":2,"1":1,"2":5},"b":{"0":[1,4],"1":[5,4,2],"2":[1,3],"3":[4,3,1],"4":[1,2],"5":[3,2],"6":[2,0],"7":[2,0]},"_coverageSchema":"1a1c01bbd47fc00a2c39e90264f33305004495a9","hash":"ad0577cbbd9cc923a06e416784cd3f4760845150"}
}
