TN:
SF:src/genDiff.js
FN:5,(anonymous_0)
FN:9,(anonymous_1)
FN:19,(anonymous_2)
FNF:3
FNH:3
FNDA:2,(anonymous_0)
FNDA:1,(anonymous_1)
FNDA:5,(anonymous_2)
DA:5,2
DA:7,1
DA:9,1
DA:10,1
DA:11,1
DA:12,1
DA:14,1
DA:15,1
DA:16,1
DA:17,1
DA:19,1
DA:20,5
DA:21,1
DA:22,4
DA:23,1
DA:24,1
DA:25,3
DA:26,1
DA:27,2
DA:28,2
DA:31,1
DA:32,1
LF:22
LH:22
BRDA:20,0,0,1
BRDA:20,0,1,4
BRDA:20,1,0,5
BRDA:20,1,1,4
BRDA:20,1,2,2
BRDA:22,2,0,1
BRDA:22,2,1,3
BRDA:22,3,0,4
BRDA:22,3,1,3
BRDA:22,3,2,1
BRDA:25,4,0,1
BRDA:25,4,1,2
BRDA:25,5,0,3
BRDA:25,5,1,2
BRDA:27,6,0,2
BRDA:27,6,1,0
BRDA:27,7,0,2
BRDA:27,7,1,0
BRF:18
BRH:16
end_of_record
